<?xml version="1.0" encoding="UTF-8"?>
<testng-results ignored="0" total="2" passed="2" failed="0" skipped="0">
  <reporter-output>
  </reporter-output>
  <suite started-at="2023-06-19T11:22:54Z" name="Suite" finished-at="2023-06-19T11:23:53Z" duration-ms="58816">
    <groups>
    </groups>
    <test started-at="2023-06-19T11:22:54Z" name="Test" finished-at="2023-06-19T11:23:53Z" duration-ms="58816">
      <class name="FinalProject.My_FinalProject.LoginTest">
        <test-method signature="navigation(java.lang.String, java.lang.String)[pri:0, instance:FinalProject.My_FinalProject.LoginTest@2a2da905]" started-at="2023-06-19T11:22:54Z" name="navigation" data-provider="getData" finished-at="2023-06-19T11:23:22Z" duration-ms="28201" status="PASS">
          <params>
            <param index="0">
              <value>
                <![CDATA[priyankarr140]]>
              </value>
            </param>
            <param index="1">
              <value>
                <![CDATA[123456]]>
              </value>
            </param>
          </params>
          <reporter-output>
          </reporter-output>
        </test-method> <!-- navigation -->
        <test-method signature="navigation(java.lang.String, java.lang.String)[pri:0, instance:FinalProject.My_FinalProject.LoginTest@2a2da905]" started-at="2023-06-19T11:23:24Z" name="navigation" data-provider="getData" finished-at="2023-06-19T11:23:53Z" duration-ms="28580" status="PASS">
          <params>
            <param index="0">
              <value>
                <![CDATA[Test1]]>
              </value>
            </param>
            <param index="1">
              <value>
                <![CDATA[Test2]]>
              </value>
            </param>
          </params>
          <reporter-output>
          </reporter-output>
        </test-method> <!-- navigation -->
      </class> <!-- FinalProject.My_FinalProject.LoginTest -->
    </test> <!-- Test -->
  </suite> <!-- Suite -->
</testng-results>
